{"level":"info","request_id":"","time":"2022-12-16 15:04:03","message":"[GetUserInfoList] param in:[0 0], %!!(MISSING)v(MISSING)\n\n"}
{"level":"fatal","request_id":"","time":"2022-12-16 15:04:03","message":"DB EventErr name:[dbr.select.load.scan dbr: attempt to load into an invalid pointer map[sql:SELECT count(*)]] err:%!!(MISSING)v(MISSING) kvs:%!!(MISSING)v(MISSING)\n"}
{"level":"info","request_id":"","time":"2022-12-16 15:05:49","message":"[GetUserInfoList] param in:[0 0], %!!(MISSING)v(MISSING)\n\n"}
{"level":"fatal","request_id":"","time":"2022-12-16 15:05:49","message":"DB EventErr name:[dbr.select.load.scan dbr: attempt to load into an invalid pointer map[sql:SELECT count(*)]] err:%!!(MISSING)v(MISSING) kvs:%!!(MISSING)v(MISSING)\n"}
{"level":"info","request_id":"","time":"2022-12-16 15:13:39","message":"[GetUserInfoList] param in:[0 0], %!!(MISSING)v(MISSING)\n\n"}
{"level":"fatal","request_id":"","time":"2022-12-16 15:15:27","message":"DB EventErr name:[dbr.select.load.scan dbr: attempt to load into an invalid pointer map[sql:SELECT count(*)]] err:%!!(MISSING)v(MISSING) kvs:%!!(MISSING)v(MISSING)\n"}
{"level":"info","request_id":"","time":"2022-12-16 15:33:19","message":"[GetUserInfoList] param in:[0 0], %!!(MISSING)v(MISSING)\n\n"}
{"level":"fatal","request_id":"","time":"2022-12-16 15:33:19","message":"DB EventErr name:[dbr.select.load.query Error 1046 (3D000): No database selected map[sql:SELECT count(*) FROM user_info_tab]] err:%!!(MISSING)v(MISSING) kvs:%!!(MISSING)v(MISSING)\n"}
{"level":"info","request_id":"","time":"2022-12-16 15:35:06","message":"[GetUserInfoList] param in:[0 0], %!!(MISSING)v(MISSING)\n\n"}
{"level":"fatal","request_id":"","time":"2022-12-16 15:35:08","message":"DB EventErr name:[dbr.select.load.query Error 1046 (3D000): No database selected map[sql:SELECT count(*) FROM user_info_tab]] err:%!!(MISSING)v(MISSING) kvs:%!!(MISSING)v(MISSING)\n"}
{"level":"info","request_id":"","time":"2022-12-16 15:42:24","message":"[GetUserInfoList] param in:[0 0], %!!(MISSING)v(MISSING)\n\n"}
{"level":"fatal","request_id":"","time":"2022-12-16 15:42:24","message":"DB EventErr name:[dbr.select.load.query Error 1046 (3D000): No database selected map[sql:SELECT count(*) FROM user_info_tab]] err:%!!(MISSING)v(MISSING) kvs:%!!(MISSING)v(MISSING)\n"}
{"level":"info","request_id":"","time":"2022-12-16 15:43:57","message":"[GetUserInfoList] param in:[0 0], %!!(MISSING)v(MISSING)\n\n"}
{"level":"fatal","request_id":"","time":"2022-12-16 15:44:34","message":"DB EventErr name:[dbr.select.load.query Error 1146 (42S02): Table 'test_db.user_info_tab' doesn't exist map[sql:SELECT count(*) FROM user_info_tab]] err:%!!(MISSING)v(MISSING) kvs:%!!(MISSING)v(MISSING)\n"}
{"level":"info","request_id":"","time":"2022-12-16 15:58:57","message":"[GetUserInfoList] param in:[0 0], %!!(MISSING)v(MISSING)\n\n"}
{"level":"fatal","request_id":"","time":"2022-12-16 15:58:58","message":"DB EventErr name:[dbr.select.load.query Error 1146 (42S02): Table 'test_db.user_info_tab' doesn't exist map[sql:SELECT count(*) FROM user_info_tab]] err:%!!(MISSING)v(MISSING) kvs:%!!(MISSING)v(MISSING)\n"}
{"level":"info","request_id":"","time":"2022-12-16 16:04:46","message":"[GetUserInfoList] param in:[0 0], %!!(MISSING)v(MISSING)\n\n"}
{"level":"fatal","request_id":"","time":"2022-12-16 16:04:46","message":"DB EventErr name:[dbr.select.load.query Error 1146 (42S02): Table 'test_db.user_info_tab' doesn't exist map[sql:SELECT count(*) FROM user_info_tab]] err:%!!(MISSING)v(MISSING) kvs:%!!(MISSING)v(MISSING)\n"}
{"level":"info","request_id":"","time":"2022-12-16 16:05:01","message":"[GetUserInfoList] param in:[0 0], %!!(MISSING)v(MISSING)\n\n"}
{"level":"fatal","request_id":"","time":"2022-12-16 16:05:01","message":"DB EventErr name:[dbr.select.load.query Error 1146 (42S02): Table 'test_db.user_info_tab' doesn't exist map[sql:SELECT count(*) FROM user_info_tab]] err:%!!(MISSING)v(MISSING) kvs:%!!(MISSING)v(MISSING)\n"}
{"level":"info","request_id":"","time":"2022-12-16 16:06:25","message":"[GetUserInfoList] param in:[0 0], %!!(MISSING)v(MISSING)\n\n"}
{"level":"fatal","request_id":"","time":"2022-12-16 16:06:40","message":"DB EventErr name:[dbr.select.load.query Error 1146 (42S02): Table 'test_db.user_info_tab' doesn't exist map[sql:SELECT count(*) FROM user_info_tab]] err:%!!(MISSING)v(MISSING) kvs:%!!(MISSING)v(MISSING)\n"}
{"level":"info","request_id":"","time":"2022-12-16 16:08:04","message":"[GetUserInfoList] param in:[0 0], %!!(MISSING)v(MISSING)\n\n"}
{"level":"fatal","request_id":"","time":"2022-12-16 16:08:34","message":"DB EventErr name:[dbr.select.load.query Error 1146 (42S02): Table 'test_db.user_info_tab' doesn't exist map[sql:SELECT count(*) FROM user_info_tab]] err:%!!(MISSING)v(MISSING) kvs:%!!(MISSING)v(MISSING)\n"}
{"level":"info","request_id":"","time":"2022-12-16 16:09:02","message":"[GetUserInfoList] param in:[0 0], %!!(MISSING)v(MISSING)\n\n"}
{"level":"fatal","request_id":"","time":"2022-12-16 16:10:12","message":"DB EventErr name:[dbr.select.load.query Error 1146 (42S02): Table 'test_db.user_info_tab' doesn't exist map[sql:SELECT count(*) FROM user_info_tab]] err:%!!(MISSING)v(MISSING) kvs:%!!(MISSING)v(MISSING)\n"}
{"level":"info","request_id":"","time":"2022-12-16 16:11:41","message":"[GetUserInfoList] param in:[0 0], %!!(MISSING)v(MISSING)\n\n"}
{"level":"fatal","request_id":"","time":"2022-12-16 16:18:25","message":"DB EventErr name:[dbr.select.load.query Error 1146 (42S02): Table 'test_db.user_info_tab' doesn't exist map[sql:SELECT count(*) FROM user_info_tab]] err:%!!(MISSING)v(MISSING) kvs:%!!(MISSING)v(MISSING)\n"}
{"level":"info","request_id":"","time":"2022-12-16 16:32:04","message":"[GetUserInfoList] param in:[0 0], %!!(MISSING)v(MISSING)\n"}
{"level":"error","request_id":"","time":"2022-12-16 16:32:11","message":"DB EventErr name:[dbr.select.load.query Error 1146 (42S02): Table 'test_db.user_info_tab' doesn't exist map[sql:SELECT count(*) FROM user_info_tab]] err:%!!(MISSING)v(MISSING) kvs:%!!(MISSING)v(MISSING)\n"}
{"level":"info","request_id":"","time":"2022-12-16 16:32:11","message":"DB TimingKv name:[dbr.select map[sql:SELECT count(*) FROM user_info_tab] 3.51705875s] kv:%!!(MISSING)v(MISSING) cost:%!!(MISSING)v(MISSING)\n"}
{"level":"error","request_id":"","time":"2022-12-16 16:32:11","message":"Error 1146 (42S02): Table 'test_db.user_info_tab' doesn't exist\n"}
{"level":"info","request_id":"","time":"2022-12-16 16:32:11","message":"[GIN] [200 7009853833 %!!(MISSING)d(string=127.0.0.1) %!!(MISSING)d(string=GET) %!!(MISSING)d(string=/user/list) %!!(MISSING)d(string=   )]| %!!(MISSING)v(MISSING) | %!!(MISSING)s(MISSING) |%!!(MISSING)s(MISSING) %!!(MISSING)v(MISSING) |%!!(MISSING)s(MISSING)\n"}
{"level":"info","request_id":"","time":"2022-12-16 16:39:44","message":"gracefully shutdown gin server and attached go routines: timeout\n"}
{"level":"info","request_id":"","time":"2022-12-16 16:40:03","message":"[GetUserInfoList] param in:[0 0], %!!(MISSING)v(MISSING)"}
{"level":"error","request_id":"","time":"2022-12-16 16:40:03","message":"DB EventErr name:[dbr.select.load.query Error 1146 (42S02): Table 'test_db.user_info_tab' doesn't exist map[sql:SELECT count(*) FROM user_info_tab]] err:%!!(MISSING)v(MISSING) kvs:%!!(MISSING)v(MISSING)\n"}
{"level":"error","request_id":"","time":"2022-12-16 16:40:03","message":"Error 1146 (42S02): Table 'test_db.user_info_tab' doesn't exist\n"}
{"level":"info","request_id":"","time":"2022-12-16 16:40:03","message":"[GIN] [200 33981750 %!!(MISSING)d(string=127.0.0.1) %!!(MISSING)d(string=GET) %!!(MISSING)d(string=/user/list) %!!(MISSING)d(string=   )]| %!!(MISSING)v(MISSING) | %!!(MISSING)s(MISSING) |%!!(MISSING)s(MISSING) %!!(MISSING)v(MISSING) |%!!(MISSING)s(MISSING)"}
{"level":"info","request_id":"","time":"2022-12-16 16:41:34","message":"[GetUserInfoList] param in:[0 0], %!!(MISSING)v(MISSING)"}
{"level":"error","request_id":"","time":"2022-12-16 16:44:20","message":"DB EventErr name:[dbr.select.load.query Error 1146 (42S02): Table 'test_db.user_info_tab' doesn't exist map[sql:SELECT count(*) FROM user_info_tab]] err:%!!(MISSING)v(MISSING) kvs:%!!(MISSING)v(MISSING)\n"}
{"level":"info","request_id":"","time":"2022-12-16 16:44:20","message":"DB TimingKv name:[dbr.select map[sql:SELECT count(*) FROM user_info_tab] 2m45.851342083s] kv:%!!(MISSING)v(MISSING) cost:%!!(MISSING)v(MISSING)"}
{"level":"error","request_id":"","time":"2022-12-16 16:44:20","message":"Error 1146 (42S02): Table 'test_db.user_info_tab' doesn't exist\n"}
{"level":"info","request_id":"","time":"2022-12-16 16:44:20","message":"[GIN] [200 165855594875 %!!(MISSING)d(string=127.0.0.1) %!!(MISSING)d(string=GET) %!!(MISSING)d(string=/user/list) %!!(MISSING)d(string=   )]| %!!(MISSING)v(MISSING) | %!!(MISSING)s(MISSING) |%!!(MISSING)s(MISSING) %!!(MISSING)v(MISSING) |%!!(MISSING)s(MISSING)"}
{"level":"info","request_id":"","time":"2022-12-16 16:44:34","message":"[GetUserInfoList] param in:[0 0], %!!(MISSING)v(MISSING)"}
{"level":"error","request_id":"","time":"2022-12-16 16:44:37","message":"DB EventErr name:dbr.select.load.query err:Error 1146 (42S02): Table 'test_db.user_info_tab' doesn't exist kvs:map[sql:SELECT count(*) FROM user_info_tab]\n"}
{"level":"info","request_id":"","time":"2022-12-16 16:44:37","message":"DB TimingKv name:[dbr.select map[sql:SELECT count(*) FROM user_info_tab] 3.450276542s] kv:%!!(MISSING)v(MISSING) cost:%!!(MISSING)v(MISSING)"}
{"level":"error","request_id":"","time":"2022-12-16 16:44:37","message":"Error 1146 (42S02): Table 'test_db.user_info_tab' doesn't exist\n"}
{"level":"info","request_id":"","time":"2022-12-16 16:44:37","message":"[GIN] [200 3450853500 %!!(MISSING)d(string=127.0.0.1) %!!(MISSING)d(string=GET) %!!(MISSING)d(string=/user/list) %!!(MISSING)d(string=   )]| %!!(MISSING)v(MISSING) | %!!(MISSING)s(MISSING) |%!!(MISSING)s(MISSING) %!!(MISSING)v(MISSING) |%!!(MISSING)s(MISSING)"}
{"level":"info","request_id":"","time":"2022-12-16 16:46:22","message":"gracefully shutdown gin server and attached go routines: timeout\n"}
{"level":"info","request_id":"","time":"2022-12-16 16:46:55","message":"[GetUserInfoList] param in:0, 0"}
{"level":"error","request_id":"","time":"2022-12-16 16:46:58","message":"DB EventErr name:dbr.select.load.query err:Error 1146 (42S02): Table 'test_db.user_info_tab' doesn't exist kvs:map[sql:SELECT count(*) FROM user_info_tab]\n"}
{"level":"info","request_id":"","time":"2022-12-16 16:46:58","message":"DB TimingKv name:dbr.select kv:map[sql:SELECT count(*) FROM user_info_tab] cost:3.933587458s"}
{"level":"error","request_id":"","time":"2022-12-16 16:46:58","message":"Error 1146 (42S02): Table 'test_db.user_info_tab' doesn't exist\n"}
{"level":"info","request_id":"","time":"2022-12-16 16:46:58","message":"[GIN] 200|  3.936636542s |       127.0.0.1 |GET     \"/user/list\" |"}
{"level":"info","request_id":"","time":"2022-12-16 16:49:54","message":"gracefully shutdown gin server and attached go routines: timeout\n"}
{"level":"info","request_id":"","time":"2022-12-16 16:50:10","message":"[GetUserInfoList] param in:0, 0"}
{"level":"error","request_id":"","time":"2022-12-16 16:50:14","message":"DB EventErr name:dbr.select.load.query err:Error 1146 (42S02): Table 'test_db.user_info_tab' doesn't exist kvs:map[sql:SELECT count(*) FROM user_info_tab]"}
{"level":"info","request_id":"","time":"2022-12-16 16:50:14","message":"DB TimingKv name:dbr.select kv:map[sql:SELECT count(*) FROM user_info_tab] cost:3.5068785s"}
{"level":"error","request_id":"","time":"2022-12-16 16:50:14","message":"Error 1146 (42S02): Table 'test_db.user_info_tab' doesn't exist"}
{"level":"info","request_id":"","time":"2022-12-16 16:50:14","message":"[GIN] 200|  3.508068791s |       127.0.0.1 |GET     \"/user/list\" |"}
{"level":"info","request_id":"","time":"2022-12-16 16:52:29","message":"gracefully shutdown gin server and attached go routines: timeout"}
{"level":"info"," | request_id":"","time":"2022-12-16 16:52:52","message":"[GetUserInfoList] param in:0, 0"}
{"level":"error"," | request_id":"","time":"2022-12-16 16:52:52","message":"DB EventErr name:dbr.select.load.query err:Error 1146 (42S02): Table 'test_db.user_info_tab' doesn't exist kvs:map[sql:SELECT count(*) FROM user_info_tab]"}
{"level":"error"," | request_id":"","time":"2022-12-16 16:52:52","message":"Error 1146 (42S02): Table 'test_db.user_info_tab' doesn't exist"}
{"level":"info"," | request_id":"","time":"2022-12-16 16:52:52","message":"[GIN] 200|   30.846541ms |       127.0.0.1 |GET     \"/user/list\" |"}
{"level":"info"," | request_id":"","time":"2022-12-16 17:13:50","message":"gracefully shutdown gin server and attached go routines: timeout"}
